Watching for changes in /root/blog/{archetypes,assets,content,data,i18n,layouts,static,themes}
Watching for config changes in /root/blog/hugo.toml, /root/blog/themes/FixIt/hugo.toml
Start building sites … 
hugo v0.140.1-a9b0b95ef402a1cc70bc5386d649d947e2bcc027+extended linux/amd64 BuildDate=2024-12-23T16:26:35Z VendorInfo=snap:0.140.1

WARN  FixIt v0.3.16-f66dc32e
当前运行环境是“development”。“评论系统”、“PWA”、“CDN”、“fingerprint”和“统计”不会启用。
WARN  FixIt v0.3.16-f66dc32e
您正在使用开发版的 FixIt，请考虑使用稳定版。
见 https://github.com/hugo-fixit/FixIt/releases
You can suppress this warning by adding the following to your site configuration:
ignoreLogs = ['warning-dev-version']

                   | ZH-CN | EN  
-------------------+-------+-----
  Pages            |    34 | 11  
  Paginator pages  |     0 |  0  
  Non-page files   |     0 |  0  
  Static files     |    73 | 73  
  Processed images |     0 |  0  
  Aliases          |    13 |  0  
  Cleaned          |     0 |  0  

Built in 881 ms
Environment: "development"
Serving pages from disk
Running in Fast Render Mode. For full rebuilds on change: hugo server --disableFastRender
Web Server is available at http://localhost:4040/ (bind address 0.0.0.0) 
Press Ctrl+C to stop

Change detected, rebuilding site (#1).
2024-12-25 09:53:26.782 +0000
Source changed /posts/amd_gpu_analysis.md
WARN  FixIt v0.3.16-f66dc32e
当前运行环境是“development”。“评论系统”、“PWA”、“CDN”、“fingerprint”和“统计”不会启用。
WARN  FixIt v0.3.16-f66dc32e
您正在使用开发版的 FixIt，请考虑使用稳定版。
见 https://github.com/hugo-fixit/FixIt/releases
You can suppress this warning by adding the following to your site configuration:
ignoreLogs = ['warning-dev-version']
Web Server is available at http://localhost:4040/ (bind address 0.0.0.0)
Total in 130 ms

Change detected, rebuilding site (#2).
2024-12-25 09:53:29.282 +0000
Source changed /posts/opensource_abcs.md
WARN  FixIt v0.3.16-f66dc32e
当前运行环境是“development”。“评论系统”、“PWA”、“CDN”、“fingerprint”和“统计”不会启用。
WARN  FixIt v0.3.16-f66dc32e
您正在使用开发版的 FixIt，请考虑使用稳定版。
见 https://github.com/hugo-fixit/FixIt/releases
You can suppress this warning by adding the following to your site configuration:
ignoreLogs = ['warning-dev-version']
Web Server is available at http://localhost:4040/ (bind address 0.0.0.0)
Total in 124 ms

Change detected, rebuilding site (#3).
2024-12-25 10:14:50.283 +0000
Source changed /posts/paper_critic_series_1.md
WARN  FixIt v0.3.16-f66dc32e
当前运行环境是“development”。“评论系统”、“PWA”、“CDN”、“fingerprint”和“统计”不会启用。
WARN  FixIt v0.3.16-f66dc32e
您正在使用开发版的 FixIt，请考虑使用稳定版。
见 https://github.com/hugo-fixit/FixIt/releases
You can suppress this warning by adding the following to your site configuration:
ignoreLogs = ['warning-dev-version']
Web Server is available at http://localhost:4040/ (bind address 0.0.0.0)
Total in 145 ms

Change detected, rebuilding site (#4).
2024-12-25 10:16:44.283 +0000
Source changed /posts/paper_critic_series_1.md
WARN  FixIt v0.3.16-f66dc32e
当前运行环境是“development”。“评论系统”、“PWA”、“CDN”、“fingerprint”和“统计”不会启用。
WARN  FixIt v0.3.16-f66dc32e
您正在使用开发版的 FixIt，请考虑使用稳定版。
见 https://github.com/hugo-fixit/FixIt/releases
You can suppress this warning by adding the following to your site configuration:
ignoreLogs = ['warning-dev-version']
Web Server is available at http://localhost:4040/ (bind address 0.0.0.0)
Total in 125 ms

Change detected, rebuilding site (#5).
2024-12-25 10:19:44.782 +0000
Source changed /posts/paper_critic_series_1.md
WARN  FixIt v0.3.16-f66dc32e
当前运行环境是“development”。“评论系统”、“PWA”、“CDN”、“fingerprint”和“统计”不会启用。
WARN  FixIt v0.3.16-f66dc32e
您正在使用开发版的 FixIt，请考虑使用稳定版。
见 https://github.com/hugo-fixit/FixIt/releases
You can suppress this warning by adding the following to your site configuration:
ignoreLogs = ['warning-dev-version']
Web Server is available at http://localhost:4040/ (bind address 0.0.0.0)
Total in 131 ms
adding created directory to watchlist /root/blog/assets/paper_critics_series

Change detected, rebuilding site (#6).
2024-12-25 10:28:33.782 +0000
Asset changed /paper_critics_series
Web Server is available at http://localhost:4040/ (bind address 0.0.0.0)
Total in 3 ms

Change detected, rebuilding site (#7).
2024-12-25 10:29:02.781 +0000
Asset changed /paper_critics_series/lots-of-readings.webp
Web Server is available at http://localhost:4040/ (bind address 0.0.0.0)
Total in 3 ms

Change detected, rebuilding site (#8).
2024-12-25 10:29:03.782 +0000
Asset changed /paper_critics_series/lots-of-readings.webp
Web Server is available at http://localhost:4040/ (bind address 0.0.0.0)
Total in 3 ms

Change detected, rebuilding site (#9).
2024-12-25 10:29:40.282 +0000
Source changed /posts/paper_critic_series_1.md
WARN  FixIt v0.3.16-f66dc32e
当前运行环境是“development”。“评论系统”、“PWA”、“CDN”、“fingerprint”和“统计”不会启用。
WARN  FixIt v0.3.16-f66dc32e
您正在使用开发版的 FixIt，请考虑使用稳定版。
见 https://github.com/hugo-fixit/FixIt/releases
You can suppress this warning by adding the following to your site configuration:
ignoreLogs = ['warning-dev-version']
Web Server is available at http://localhost:4040/ (bind address 0.0.0.0)
Total in 171 ms

Change detected, rebuilding site (#10).
2024-12-25 10:30:28.282 +0000
Asset changed /paper_critics_series/lots-of-readings.jpg
Web Server is available at http://localhost:4040/ (bind address 0.0.0.0)
Total in 4 ms

Change detected, rebuilding site (#11).
2024-12-25 10:30:28.781 +0000
Asset changed /paper_critics_series/lots-of-readings.jpg
Web Server is available at http://localhost:4040/ (bind address 0.0.0.0)
Total in 2 ms

Change detected, rebuilding site (#12).
2024-12-25 10:30:38.282 +0000
Asset changed /paper_critics_series/lots-of-readings.webp
Web Server is available at http://localhost:4040/ (bind address 0.0.0.0)
Total in 4 ms

Change detected, rebuilding site (#13).
2024-12-25 10:30:43.782 +0000
Source changed /posts/paper_critic_series_1.md
WARN  FixIt v0.3.16-f66dc32e
当前运行环境是“development”。“评论系统”、“PWA”、“CDN”、“fingerprint”和“统计”不会启用。
WARN  FixIt v0.3.16-f66dc32e
您正在使用开发版的 FixIt，请考虑使用稳定版。
见 https://github.com/hugo-fixit/FixIt/releases
You can suppress this warning by adding the following to your site configuration:
ignoreLogs = ['warning-dev-version']
Web Server is available at http://localhost:4040/ (bind address 0.0.0.0)
Total in 147 ms

Change detected, rebuilding site (#14).
2024-12-25 10:31:34.282 +0000
Source changed /posts/paper_critic_series_1.md
WARN  FixIt v0.3.16-f66dc32e
当前运行环境是“development”。“评论系统”、“PWA”、“CDN”、“fingerprint”和“统计”不会启用。
WARN  FixIt v0.3.16-f66dc32e
您正在使用开发版的 FixIt，请考虑使用稳定版。
见 https://github.com/hugo-fixit/FixIt/releases
You can suppress this warning by adding the following to your site configuration:
ignoreLogs = ['warning-dev-version']
Web Server is available at http://localhost:4040/ (bind address 0.0.0.0)
Total in 98 ms

Change detected, rebuilding site (#15).
2024-12-25 10:32:13.781 +0000
Source changed /posts/paper_critic_series_1.md
WARN  FixIt v0.3.16-f66dc32e
当前运行环境是“development”。“评论系统”、“PWA”、“CDN”、“fingerprint”和“统计”不会启用。
WARN  FixIt v0.3.16-f66dc32e
您正在使用开发版的 FixIt，请考虑使用稳定版。
见 https://github.com/hugo-fixit/FixIt/releases
You can suppress this warning by adding the following to your site configuration:
ignoreLogs = ['warning-dev-version']
Web Server is available at http://localhost:4040/ (bind address 0.0.0.0)
Total in 112 ms
